-------------------------------------------------------------------------------
Test set: StudentTest
-------------------------------------------------------------------------------
Tests run: 6, Failures: 1, Errors: 0, Skipped: 0, Time elapsed: 0.262 s <<< FAILURE! - in StudentTest
StudentTest.testConstructorInvalidId  Time elapsed: 0.13 s  <<< FAILURE!
org.opentest4j.AssertionFailedError: Expected java.lang.IllegalArgumentException to be thrown, but nothing was thrown.
	at StudentTest.testConstructorInvalidId(StudentTest.java:49)

