<?xml version="1.0" encoding="UTF-8"?>
<testsuite xmlns:xsi="http://www.w3.org/2001/XMLSchema-instance" xsi:noNamespaceSchemaLocation="https://maven.apache.org/surefire/maven-surefire-plugin/xsd/surefire-test-report-3.0.xsd" version="3.0" name="StudentTest" time="0.511" tests="11" errors="0" skipped="0" failures="0">
  <properties>
[...]
</properties>
  <testcase name="testConstructorInvalidLocation" classname="StudentTest" time="0.239"/>
  <testcase name="testConstructorInvalidId" classname="StudentTest" time="0.01"/>
  <testcase name="testConstructorInvalidName" classname="StudentTest" time="0.008"/>
  <testcase name="testStudentDob" classname="StudentTest" time="0.009"/>
  <testcase name="testLocation" classname="StudentTest" time="0.005"/>
  <testcase name="testStudentId" classname="StudentTest" time="0.006"/>
  <testcase name="testEmail" classname="StudentTest" time="0.007"/>
  <testcase name="testName" classname="StudentTest" time="0.003"/>
  <testcase name="testToString" classname="StudentTest" time="0.044"/>
  <testcase name="testConstructorInvalidDob" classname="StudentTest" time="0.005"/>
  <testcase name="testConstructorInvalidEmail" classname="StudentTest" time="0.003"/>
</testsuite>